[debug] [2022-09-13T13:44:33.894Z] ----------------------------------------------------------------------
[debug] [2022-09-13T13:44:33.896Z] Command:       C:\Program Files\nodejs\node.exe C:\Users\gIgabyte\AppData\Roaming\npm\node_modules\firebase-tools\lib\bin\firebase.js deploy
[debug] [2022-09-13T13:44:33.897Z] CLI Version:   11.9.0
[debug] [2022-09-13T13:44:33.897Z] Platform:      win32
[debug] [2022-09-13T13:44:33.897Z] Node Version:  v16.13.1
[debug] [2022-09-13T13:44:33.898Z] Time:          Tue Sep 13 2022 19:44:33 GMT+0600 (Bangladesh Standard Time)
[debug] [2022-09-13T13:44:33.898Z] ----------------------------------------------------------------------
[debug] 
[debug] [2022-09-13T13:44:33.962Z] > command requires scopes: ["email","openid","https://www.googleapis.com/auth/cloudplatformprojects.readonly","https://www.googleapis.com/auth/firebase","https://www.googleapis.com/auth/cloud-platform"]
[debug] [2022-09-13T13:44:33.962Z] > authorizing via signed-in user (mdsymoon11@gmail.com)
[debug] [2022-09-13T13:44:33.962Z] [iam] checking project md-symoon for permissions ["firebase.projects.get","firebasehosting.sites.update"]
[debug] [2022-09-13T13:44:33.964Z] > refreshing access token with scopes: []
[debug] [2022-09-13T13:44:33.966Z] >>> [apiv2][query] POST https://www.googleapis.com/oauth2/v3/token [none]
[debug] [2022-09-13T13:44:33.966Z] >>> [apiv2][body] POST https://www.googleapis.com/oauth2/v3/token [omitted]
[debug] [2022-09-13T13:44:34.219Z] <<< [apiv2][status] POST https://www.googleapis.com/oauth2/v3/token 400
[debug] [2022-09-13T13:44:34.219Z] <<< [apiv2][body] POST https://www.googleapis.com/oauth2/v3/token [omitted]
[debug] [2022-09-13T13:44:34.219Z] >>> [apiv2][query] POST https://cloudresourcemanager.googleapis.com/v1/projects/md-symoon:testIamPermissions [none]
[debug] [2022-09-13T13:44:34.219Z] >>> [apiv2][(partial)header] POST https://cloudresourcemanager.googleapis.com/v1/projects/md-symoon:testIamPermissions x-goog-quota-user=projects/md-symoon
[debug] [2022-09-13T13:44:34.219Z] >>> [apiv2][body] POST https://cloudresourcemanager.googleapis.com/v1/projects/md-symoon:testIamPermissions {"permissions":["firebase.projects.get","firebasehosting.sites.update"]}
[debug] [2022-09-13T13:44:36.193Z] <<< [apiv2][status] POST https://cloudresourcemanager.googleapis.com/v1/projects/md-symoon:testIamPermissions 401
[debug] [2022-09-13T13:44:36.193Z] <<< [apiv2][body] POST https://cloudresourcemanager.googleapis.com/v1/projects/md-symoon:testIamPermissions {"error":{"code":401,"message":"Request had invalid authentication credentials. Expected OAuth 2 access token, login cookie or other valid authentication credential. See https://developers.google.com/identity/sign-in/web/devconsole-project.","status":"UNAUTHENTICATED","details":[{"@type":"type.googleapis.com/google.rpc.ErrorInfo","reason":"ACCESS_TOKEN_TYPE_UNSUPPORTED","metadata":{"method":"google.cloudresourcemanager.v1.Projects.TestIamPermissions","service":"cloudresourcemanager.googleapis.com"}}]}}
[debug] [2022-09-13T13:44:36.194Z] [iam] error while checking permissions, command may fail: FirebaseError: HTTP Error: 401, Request had invalid authentication credentials. Expected OAuth 2 access token, login cookie or other valid authentication credential. See https://developers.google.com/identity/sign-in/web/devconsole-project.
[debug] [2022-09-13T13:44:36.194Z] > refreshing access token with scopes: []
[debug] [2022-09-13T13:44:36.195Z] >>> [apiv2][query] POST https://www.googleapis.com/oauth2/v3/token [none]
[debug] [2022-09-13T13:44:36.195Z] >>> [apiv2][body] POST https://www.googleapis.com/oauth2/v3/token [omitted]
[debug] [2022-09-13T13:44:36.418Z] <<< [apiv2][status] POST https://www.googleapis.com/oauth2/v3/token 400
[debug] [2022-09-13T13:44:36.418Z] <<< [apiv2][body] POST https://www.googleapis.com/oauth2/v3/token [omitted]
[debug] [2022-09-13T13:44:36.419Z] >>> [apiv2][query] GET https://firebase.googleapis.com/v1beta1/projects/md-symoon [none]
[debug] [2022-09-13T13:44:36.698Z] <<< [apiv2][status] GET https://firebase.googleapis.com/v1beta1/projects/md-symoon 401
[debug] [2022-09-13T13:44:36.698Z] <<< [apiv2][body] GET https://firebase.googleapis.com/v1beta1/projects/md-symoon {"error":{"code":401,"message":"Request had invalid authentication credentials. Expected OAuth 2 access token, login cookie or other valid authentication credential. See https://developers.google.com/identity/sign-in/web/devconsole-project.","status":"UNAUTHENTICATED"}}
[debug] [2022-09-13T13:44:36.698Z] HTTP Error: 401, Request had invalid authentication credentials. Expected OAuth 2 access token, login cookie or other valid authentication credential. See https://developers.google.com/identity/sign-in/web/devconsole-project.
[debug] [2022-09-13T13:44:36.984Z] FirebaseError: HTTP Error: 401, Request had invalid authentication credentials. Expected OAuth 2 access token, login cookie or other valid authentication credential. See https://developers.google.com/identity/sign-in/web/devconsole-project.
    at responseToError (C:\Users\gIgabyte\AppData\Roaming\npm\node_modules\firebase-tools\lib\responseToError.js:49:12)
    at RetryOperation._fn (C:\Users\gIgabyte\AppData\Roaming\npm\node_modules\firebase-tools\lib\apiv2.js:288:77)
    at processTicksAndRejections (node:internal/process/task_queues:96:5)
[error] 
[error] Error: Failed to get Firebase project md-symoon. Please make sure the project exists and your account has permission to access it.
[debug] [2022-09-13T13:45:28.164Z] ----------------------------------------------------------------------
[debug] [2022-09-13T13:45:28.166Z] Command:       C:\Program Files\nodejs\node.exe C:\Users\gIgabyte\AppData\Roaming\npm\node_modules\firebase-tools\lib\bin\firebase.js init
[debug] [2022-09-13T13:45:28.167Z] CLI Version:   11.9.0
[debug] [2022-09-13T13:45:28.167Z] Platform:      win32
[debug] [2022-09-13T13:45:28.167Z] Node Version:  v16.13.1
[debug] [2022-09-13T13:45:28.168Z] Time:          Tue Sep 13 2022 19:45:28 GMT+0600 (Bangladesh Standard Time)
[debug] [2022-09-13T13:45:28.168Z] ----------------------------------------------------------------------
[debug] 
[debug] [2022-09-13T13:45:28.235Z] > command requires scopes: ["email","openid","https://www.googleapis.com/auth/cloudplatformprojects.readonly","https://www.googleapis.com/auth/firebase","https://www.googleapis.com/auth/cloud-platform"]
[debug] [2022-09-13T13:45:28.235Z] > authorizing via signed-in user (mdsymoon11@gmail.com)
[info] 
     ######## #### ########  ######## ########     ###     ######  ########
     ##        ##  ##     ## ##       ##     ##  ##   ##  ##       ##
     ######    ##  ########  ######   ########  #########  ######  ######
     ##        ##  ##    ##  ##       ##     ## ##     ##       ## ##
     ##       #### ##     ## ######## ########  ##     ##  ######  ########

You're about to initialize a Firebase project in this directory:

  D:\my-portfolio-website

Before we get started, keep in mind:

  * You are initializing within an existing Firebase project directory

[info] 
=== Project Setup
[info] 
[info] First, let's associate this project directory with a Firebase project.
[info] You can create multiple project aliases by running firebase use --add, 
[info] but for now we'll just set up a default project.
[info] 
[debug] [2022-09-13T13:45:38.153Z] Using project from CLI flag: md-symoon
[debug] [2022-09-13T13:45:38.154Z] > refreshing access token with scopes: []
[debug] [2022-09-13T13:45:38.156Z] >>> [apiv2][query] POST https://www.googleapis.com/oauth2/v3/token [none]
[debug] [2022-09-13T13:45:38.156Z] >>> [apiv2][body] POST https://www.googleapis.com/oauth2/v3/token [omitted]
[debug] [2022-09-13T13:45:38.436Z] <<< [apiv2][status] POST https://www.googleapis.com/oauth2/v3/token 400
[debug] [2022-09-13T13:45:38.436Z] <<< [apiv2][body] POST https://www.googleapis.com/oauth2/v3/token [omitted]
[debug] [2022-09-13T13:45:38.436Z] >>> [apiv2][query] GET https://firebase.googleapis.com/v1beta1/projects/md-symoon [none]
[debug] [2022-09-13T13:45:38.790Z] <<< [apiv2][status] GET https://firebase.googleapis.com/v1beta1/projects/md-symoon 401
[debug] [2022-09-13T13:45:38.790Z] <<< [apiv2][body] GET https://firebase.googleapis.com/v1beta1/projects/md-symoon {"error":{"code":401,"message":"Request had invalid authentication credentials. Expected OAuth 2 access token, login cookie or other valid authentication credential. See https://developers.google.com/identity/sign-in/web/devconsole-project.","status":"UNAUTHENTICATED"}}
[debug] [2022-09-13T13:45:38.791Z] HTTP Error: 401, Request had invalid authentication credentials. Expected OAuth 2 access token, login cookie or other valid authentication credential. See https://developers.google.com/identity/sign-in/web/devconsole-project.
[debug] [2022-09-13T13:45:39.071Z] FirebaseError: HTTP Error: 401, Request had invalid authentication credentials. Expected OAuth 2 access token, login cookie or other valid authentication credential. See https://developers.google.com/identity/sign-in/web/devconsole-project.
    at responseToError (C:\Users\gIgabyte\AppData\Roaming\npm\node_modules\firebase-tools\lib\responseToError.js:49:12)
    at RetryOperation._fn (C:\Users\gIgabyte\AppData\Roaming\npm\node_modules\firebase-tools\lib\apiv2.js:288:77)
    at processTicksAndRejections (node:internal/process/task_queues:96:5)
[error] 
[error] Error: Failed to get Firebase project md-symoon. Please make sure the project exists and your account has permission to access it.
